<?xml version="1.0" encoding="UTF-8"?>
<testsuite xmlns:xsi="http://www.w3.org/2001/XMLSchema-instance" xsi:noNamespaceSchemaLocation="https://maven.apache.org/surefire/maven-surefire-plugin/xsd/surefire-test-report-3.0.xsd" version="3.0" name="com.example.harboureats.HarbourEatsApplicationTests" time="5.91" tests="1" errors="0" skipped="0" failures="0">
  <properties>
    <property name="java.specification.version" value="21"/>
    <property name="sun.cpu.isalist" value="amd64"/>
    <property name="sun.jnu.encoding" value="Cp1252"/>
    <property name="java.class.path" value="C:\Users\abuza\IdeaProjects\HarbourEats\target\test-classes;C:\Users\abuza\IdeaProjects\HarbourEats\target\classes;C:\Users\abuza\.m2\repository\org\springframework\boot\spring-boot-starter-web\3.2.2\spring-boot-starter-web-3.2.2.jar;C:\Users\abuza\.m2\repository\org\springframework\boot\spring-boot-starter\3.2.2\spring-boot-starter-3.2.2.jar;C:\Users\abuza\.m2\repository\org\springframework\boot\spring-boot-starter-logging\3.2.2\spring-boot-starter-logging-3.2.2.jar;C:\Users\abuza\.m2\repository\ch\qos\logback\logback-classic\1.4.14\logback-classic-1.4.14.jar;C:\Users\abuza\.m2\repository\ch\qos\logback\logback-core\1.4.14\logback-core-1.4.14.jar;C:\Users\abuza\.m2\repository\org\apache\logging\log4j\log4j-to-slf4j\2.21.1\log4j-to-slf4j-2.21.1.jar;C:\Users\abuza\.m2\repository\org\apache\logging\log4j\log4j-api\2.21.1\log4j-api-2.21.1.jar;C:\Users\abuza\.m2\repository\org\slf4j\jul-to-slf4j\2.0.11\jul-to-slf4j-2.0.11.jar;C:\Users\abuza\.m2\repository\jakarta\annotation\jakarta.annotation-api\2.1.1\jakarta.annotation-api-2.1.1.jar;C:\Users\abuza\.m2\repository\org\yaml\snakeyaml\2.2\snakeyaml-2.2.jar;C:\Users\abuza\.m2\repository\org\springframework\boot\spring-boot-starter-json\3.2.2\spring-boot-starter-json-3.2.2.jar;C:\Users\abuza\.m2\repository\com\fasterxml\jackson\datatype\jackson-datatype-jdk8\2.15.3\jackson-datatype-jdk8-2.15.3.jar;C:\Users\abuza\.m2\repository\com\fasterxml\jackson\datatype\jackson-datatype-jsr310\2.15.3\jackson-datatype-jsr310-2.15.3.jar;C:\Users\abuza\.m2\repository\org\springframework\boot\spring-boot-starter-tomcat\3.2.2\spring-boot-starter-tomcat-3.2.2.jar;C:\Users\abuza\.m2\repository\org\apache\tomcat\embed\tomcat-embed-core\10.1.18\tomcat-embed-core-10.1.18.jar;C:\Users\abuza\.m2\repository\org\apache\tomcat\embed\tomcat-embed-el\10.1.18\tomcat-embed-el-10.1.18.jar;C:\Users\abuza\.m2\repository\org\apache\tomcat\embed\tomcat-embed-websocket\10.1.18\tomcat-embed-websocket-10.1.18.jar;C:\Users\abuza\.m2\repository\org\springframework\spring-web\6.1.3\spring-web-6.1.3.jar;C:\Users\abuza\.m2\repository\org\springframework\spring-beans\6.1.3\spring-beans-6.1.3.jar;C:\Users\abuza\.m2\repository\io\micrometer\micrometer-observation\1.12.2\micrometer-observation-1.12.2.jar;C:\Users\abuza\.m2\repository\io\micrometer\micrometer-commons\1.12.2\micrometer-commons-1.12.2.jar;C:\Users\abuza\.m2\repository\org\springframework\spring-webmvc\6.1.3\spring-webmvc-6.1.3.jar;C:\Users\abuza\.m2\repository\org\springframework\spring-aop\6.1.3\spring-aop-6.1.3.jar;C:\Users\abuza\.m2\repository\org\springframework\spring-context\6.1.3\spring-context-6.1.3.jar;C:\Users\abuza\.m2\repository\org\springframework\spring-expression\6.1.3\spring-expression-6.1.3.jar;C:\Users\abuza\.m2\repository\org\springframework\boot\spring-boot-starter-web-services\3.2.2\spring-boot-starter-web-services-3.2.2.jar;C:\Users\abuza\.m2\repository\com\sun\xml\messaging\saaj\saaj-impl\3.0.3\saaj-impl-3.0.3.jar;C:\Users\abuza\.m2\repository\jakarta\xml\soap\jakarta.xml.soap-api\3.0.1\jakarta.xml.soap-api-3.0.1.jar;C:\Users\abuza\.m2\repository\org\jvnet\staxex\stax-ex\2.1.0\stax-ex-2.1.0.jar;C:\Users\abuza\.m2\repository\jakarta\activation\jakarta.activation-api\2.1.2\jakarta.activation-api-2.1.2.jar;C:\Users\abuza\.m2\repository\org\eclipse\angus\angus-activation\2.0.1\angus-activation-2.0.1.jar;C:\Users\abuza\.m2\repository\jakarta\xml\ws\jakarta.xml.ws-api\4.0.1\jakarta.xml.ws-api-4.0.1.jar;C:\Users\abuza\.m2\repository\org\springframework\spring-oxm\6.1.3\spring-oxm-6.1.3.jar;C:\Users\abuza\.m2\repository\org\springframework\ws\spring-ws-core\4.0.10\spring-ws-core-4.0.10.jar;C:\Users\abuza\.m2\repository\org\springframework\ws\spring-xml\4.0.10\spring-xml-4.0.10.jar;C:\Users\abuza\.m2\repository\org\glassfish\jaxb\jaxb-runtime\4.0.4\jaxb-runtime-4.0.4.jar;C:\Users\abuza\.m2\repository\org\glassfish\jaxb\jaxb-core\4.0.4\jaxb-core-4.0.4.jar;C:\Users\abuza\.m2\repository\org\glassfish\jaxb\txw2\4.0.4\txw2-4.0.4.jar;C:\Users\abuza\.m2\repository\com\sun\istack\istack-commons-runtime\4.1.2\istack-commons-runtime-4.1.2.jar;C:\Users\abuza\.m2\repository\org\springframework\boot\spring-boot-devtools\3.2.2\spring-boot-devtools-3.2.2.jar;C:\Users\abuza\.m2\repository\org\springframework\boot\spring-boot\3.2.2\spring-boot-3.2.2.jar;C:\Users\abuza\.m2\repository\org\springframework\boot\spring-boot-autoconfigure\3.2.2\spring-boot-autoconfigure-3.2.2.jar;C:\Users\abuza\.m2\repository\org\springframework\boot\spring-boot-docker-compose\3.2.2\spring-boot-docker-compose-3.2.2.jar;C:\Users\abuza\.m2\repository\com\fasterxml\jackson\core\jackson-databind\2.15.3\jackson-databind-2.15.3.jar;C:\Users\abuza\.m2\repository\com\fasterxml\jackson\core\jackson-annotations\2.15.3\jackson-annotations-2.15.3.jar;C:\Users\abuza\.m2\repository\com\fasterxml\jackson\core\jackson-core\2.15.3\jackson-core-2.15.3.jar;C:\Users\abuza\.m2\repository\com\fasterxml\jackson\module\jackson-module-parameter-names\2.15.3\jackson-module-parameter-names-2.15.3.jar;C:\Users\abuza\.m2\repository\org\springframework\boot\spring-boot-configuration-processor\3.2.2\spring-boot-configuration-processor-3.2.2.jar;C:\Users\abuza\.m2\repository\org\projectlombok\lombok\1.18.30\lombok-1.18.30.jar;C:\Users\abuza\.m2\repository\org\springframework\boot\spring-boot-starter-test\3.2.2\spring-boot-starter-test-3.2.2.jar;C:\Users\abuza\.m2\repository\org\springframework\boot\spring-boot-test\3.2.2\spring-boot-test-3.2.2.jar;C:\Users\abuza\.m2\repository\org\springframework\boot\spring-boot-test-autoconfigure\3.2.2\spring-boot-test-autoconfigure-3.2.2.jar;C:\Users\abuza\.m2\repository\com\jayway\jsonpath\json-path\2.8.0\json-path-2.8.0.jar;C:\Users\abuza\.m2\repository\org\slf4j\slf4j-api\2.0.11\slf4j-api-2.0.11.jar;C:\Users\abuza\.m2\repository\jakarta\xml\bind\jakarta.xml.bind-api\4.0.1\jakarta.xml.bind-api-4.0.1.jar;C:\Users\abuza\.m2\repository\net\minidev\json-smart\2.5.0\json-smart-2.5.0.jar;C:\Users\abuza\.m2\repository\net\minidev\accessors-smart\2.5.0\accessors-smart-2.5.0.jar;C:\Users\abuza\.m2\repository\org\ow2\asm\asm\9.3\asm-9.3.jar;C:\Users\abuza\.m2\repository\org\assertj\assertj-core\3.24.2\assertj-core-3.24.2.jar;C:\Users\abuza\.m2\repository\net\bytebuddy\byte-buddy\1.14.11\byte-buddy-1.14.11.jar;C:\Users\abuza\.m2\repository\org\awaitility\awaitility\4.2.0\awaitility-4.2.0.jar;C:\Users\abuza\.m2\repository\org\hamcrest\hamcrest\2.2\hamcrest-2.2.jar;C:\Users\abuza\.m2\repository\org\junit\jupiter\junit-jupiter\5.10.1\junit-jupiter-5.10.1.jar;C:\Users\abuza\.m2\repository\org\junit\jupiter\junit-jupiter-api\5.10.1\junit-jupiter-api-5.10.1.jar;C:\Users\abuza\.m2\repository\org\opentest4j\opentest4j\1.3.0\opentest4j-1.3.0.jar;C:\Users\abuza\.m2\repository\org\junit\platform\junit-platform-commons\1.10.1\junit-platform-commons-1.10.1.jar;C:\Users\abuza\.m2\repository\org\apiguardian\apiguardian-api\1.1.2\apiguardian-api-1.1.2.jar;C:\Users\abuza\.m2\repository\org\junit\jupiter\junit-jupiter-params\5.10.1\junit-jupiter-params-5.10.1.jar;C:\Users\abuza\.m2\repository\org\junit\jupiter\junit-jupiter-engine\5.10.1\junit-jupiter-engine-5.10.1.jar;C:\Users\abuza\.m2\repository\org\junit\platform\junit-platform-engine\1.10.1\junit-platform-engine-1.10.1.jar;C:\Users\abuza\.m2\repository\org\mockito\mockito-core\5.7.0\mockito-core-5.7.0.jar;C:\Users\abuza\.m2\repository\net\bytebuddy\byte-buddy-agent\1.14.11\byte-buddy-agent-1.14.11.jar;C:\Users\abuza\.m2\repository\org\objenesis\objenesis\3.3\objenesis-3.3.jar;C:\Users\abuza\.m2\repository\org\mockito\mockito-junit-jupiter\5.7.0\mockito-junit-jupiter-5.7.0.jar;C:\Users\abuza\.m2\repository\org\skyscreamer\jsonassert\1.5.1\jsonassert-1.5.1.jar;C:\Users\abuza\.m2\repository\com\vaadin\external\google\android-json\0.0.20131108.vaadin1\android-json-0.0.20131108.vaadin1.jar;C:\Users\abuza\.m2\repository\org\springframework\spring-core\6.1.3\spring-core-6.1.3.jar;C:\Users\abuza\.m2\repository\org\springframework\spring-jcl\6.1.3\spring-jcl-6.1.3.jar;C:\Users\abuza\.m2\repository\org\springframework\spring-test\6.1.3\spring-test-6.1.3.jar;C:\Users\abuza\.m2\repository\org\xmlunit\xmlunit-core\2.9.1\xmlunit-core-2.9.1.jar;C:\Users\abuza\.m2\repository\org\springframework\boot\spring-boot-testcontainers\3.2.2\spring-boot-testcontainers-3.2.2.jar;C:\Users\abuza\.m2\repository\org\testcontainers\testcontainers\1.19.3\testcontainers-1.19.3.jar;C:\Users\abuza\.m2\repository\junit\junit\4.13.2\junit-4.13.2.jar;C:\Users\abuza\.m2\repository\org\hamcrest\hamcrest-core\2.2\hamcrest-core-2.2.jar;C:\Users\abuza\.m2\repository\org\apache\commons\commons-compress\1.24.0\commons-compress-1.24.0.jar;C:\Users\abuza\.m2\repository\org\rnorth\duct-tape\duct-tape\1.0.8\duct-tape-1.0.8.jar;C:\Users\abuza\.m2\repository\org\jetbrains\annotations\17.0.0\annotations-17.0.0.jar;C:\Users\abuza\.m2\repository\com\github\docker-java\docker-java-api\3.3.4\docker-java-api-3.3.4.jar;C:\Users\abuza\.m2\repository\com\github\docker-java\docker-java-transport-zerodep\3.3.4\docker-java-transport-zerodep-3.3.4.jar;C:\Users\abuza\.m2\repository\com\github\docker-java\docker-java-transport\3.3.4\docker-java-transport-3.3.4.jar;C:\Users\abuza\.m2\repository\net\java\dev\jna\jna\5.13.0\jna-5.13.0.jar;C:\Users\abuza\.m2\repository\org\springframework\cloud\spring-cloud-starter-contract-stub-runner\4.1.0\spring-cloud-starter-contract-stub-runner-4.1.0.jar;C:\Users\abuza\.m2\repository\org\springframework\cloud\spring-cloud-contract-stub-runner\4.1.0\spring-cloud-contract-stub-runner-4.1.0.jar;C:\Users\abuza\.m2\repository\org\springframework\cloud\spring-cloud-contract-verifier\4.1.0\spring-cloud-contract-verifier-4.1.0.jar;C:\Users\abuza\.m2\repository\org\apache\commons\commons-text\1.11.0\commons-text-1.11.0.jar;C:\Users\abuza\.m2\repository\org\apache\commons\commons-lang3\3.13.0\commons-lang3-3.13.0.jar;C:\Users\abuza\.m2\repository\javax\inject\javax.inject\1\javax.inject-1.jar;C:\Users\abuza\.m2\repository\com\toomuchcoding\jsonassert\jsonassert\0.7.0\jsonassert-0.7.0.jar;C:\Users\abuza\.m2\repository\com\rackspace\eclipse\webtools\sourceediting\org.eclipse.wst.xml.xpath2.processor\2.1.100\org.eclipse.wst.xml.xpath2.processor-2.1.100.jar;C:\Users\abuza\.m2\repository\edu\princeton\cup\java-cup\10k\java-cup-10k.jar;C:\Users\abuza\.m2\repository\com\ibm\icu\icu4j\4.6\icu4j-4.6.jar;C:\Users\abuza\.m2\repository\org\apache\groovy\groovy\4.0.17\groovy-4.0.17.jar;C:\Users\abuza\.m2\repository\org\apache\groovy\groovy-nio\4.0.17\groovy-nio-4.0.17.jar;C:\Users\abuza\.m2\repository\org\apache\groovy\groovy-json\4.0.17\groovy-json-4.0.17.jar;C:\Users\abuza\.m2\repository\org\apache\groovy\groovy-xml\4.0.17\groovy-xml-4.0.17.jar;C:\Users\abuza\.m2\repository\com\github\jknack\handlebars\4.3.1\handlebars-4.3.1.jar;C:\Users\abuza\.m2\repository\commons-beanutils\commons-beanutils\1.9.4\commons-beanutils-1.9.4.jar;C:\Users\abuza\.m2\repository\commons-logging\commons-logging\1.2\commons-logging-1.2.jar;C:\Users\abuza\.m2\repository\commons-collections\commons-collections\3.2.2\commons-collections-3.2.2.jar;C:\Users\abuza\.m2\repository\com\fasterxml\jackson\dataformat\jackson-dataformat-yaml\2.15.3\jackson-dataformat-yaml-2.15.3.jar;C:\Users\abuza\.m2\repository\net\javacrumbs\json-unit\json-unit-assertj\2.38.0\json-unit-assertj-2.38.0.jar;C:\Users\abuza\.m2\repository\net\javacrumbs\json-unit\json-unit-core\2.38.0\json-unit-core-2.38.0.jar;C:\Users\abuza\.m2\repository\net\javacrumbs\json-unit\json-unit-json-path\2.38.0\json-unit-json-path-2.38.0.jar;C:\Users\abuza\.m2\repository\org\springframework\cloud\spring-cloud-contract-shade\4.1.0\spring-cloud-contract-shade-4.1.0.jar;C:\Users\abuza\.m2\repository\org\springframework\cloud\spring-cloud-contract-converters\4.1.0\spring-cloud-contract-converters-4.1.0.jar;C:\Users\abuza\.m2\repository\org\springframework\cloud\spring-cloud-contract-spec\4.1.0\spring-cloud-contract-spec-4.1.0.jar;C:\Users\abuza\.m2\repository\org\springframework\cloud\spring-cloud-contract-spec-java\4.1.0\spring-cloud-contract-spec-java-4.1.0.jar;C:\Users\abuza\.m2\repository\dk\brics\automaton\1.12-4\automaton-1.12-4.jar;C:\Users\abuza\.m2\repository\org\springframework\cloud\spring-cloud-contract-spec-groovy\4.1.0\spring-cloud-contract-spec-groovy-4.1.0.jar;C:\Users\abuza\.m2\repository\org\eclipse\jgit\org.eclipse.jgit\6.6.1.202309021850-r\org.eclipse.jgit-6.6.1.202309021850-r.jar;C:\Users\abuza\.m2\repository\com\googlecode\javaewah\JavaEWAH\1.2.3\JavaEWAH-1.2.3.jar;C:\Users\abuza\.m2\repository\org\eclipse\jgit\org.eclipse.jgit.ssh.jsch\6.7.0.202309050840-r\org.eclipse.jgit.ssh.jsch-6.7.0.202309050840-r.jar;C:\Users\abuza\.m2\repository\com\jcraft\jsch\0.1.55\jsch-0.1.55.jar;C:\Users\abuza\.m2\repository\com\jcraft\jzlib\1.1.3\jzlib-1.1.3.jar;C:\Users\abuza\.m2\repository\com\jcraft\jsch.agentproxy.sshagent\0.0.9\jsch.agentproxy.sshagent-0.0.9.jar;C:\Users\abuza\.m2\repository\com\jcraft\jsch.agentproxy.core\0.0.9\jsch.agentproxy.core-0.0.9.jar;C:\Users\abuza\.m2\repository\com\jcraft\jsch.agentproxy.jsch\0.0.9\jsch.agentproxy.jsch-0.0.9.jar;C:\Users\abuza\.m2\repository\com\jcraft\jsch.agentproxy.usocket-jna\0.0.9\jsch.agentproxy.usocket-jna-0.0.9.jar;C:\Users\abuza\.m2\repository\net\java\dev\jna\jna-platform\4.1.0\jna-platform-4.1.0.jar;C:\Users\abuza\.m2\repository\org\springframework\cloud\spring-cloud-contract-wiremock\4.1.0\spring-cloud-contract-wiremock-4.1.0.jar;C:\Users\abuza\.m2\repository\com\github\tomakehurst\wiremock-jre8-standalone\2.35.1\wiremock-jre8-standalone-2.35.1.jar;C:\Users\abuza\.m2\repository\org\apache\httpcomponents\client5\httpclient5\5.2.3\httpclient5-5.2.3.jar;C:\Users\abuza\.m2\repository\org\apache\httpcomponents\core5\httpcore5\5.2.4\httpcore5-5.2.4.jar;C:\Users\abuza\.m2\repository\org\apache\httpcomponents\core5\httpcore5-h2\5.2.4\httpcore5-h2-5.2.4.jar;C:\Users\abuza\.m2\repository\org\springframework\cloud\spring-cloud-test-support\4.1.0\spring-cloud-test-support-4.1.0.jar;C:\Users\abuza\.m2\repository\org\apache\maven\resolver\maven-resolver-connector-basic\1.9.16\maven-resolver-connector-basic-1.9.16.jar;C:\Users\abuza\.m2\repository\org\apache\maven\resolver\maven-resolver-spi\1.9.16\maven-resolver-spi-1.9.16.jar;C:\Users\abuza\.m2\repository\org\apache\maven\resolver\maven-resolver-util\1.9.16\maven-resolver-util-1.9.16.jar;C:\Users\abuza\.m2\repository\org\apache\maven\resolver\maven-resolver-impl\1.9.16\maven-resolver-impl-1.9.16.jar;C:\Users\abuza\.m2\repository\org\apache\maven\resolver\maven-resolver-named-locks\1.9.16\maven-resolver-named-locks-1.9.16.jar;C:\Users\abuza\.m2\repository\org\apache\maven\maven-resolver-provider\3.9.5\maven-resolver-provider-3.9.5.jar;C:\Users\abuza\.m2\repository\org\apache\maven\maven-model\3.9.5\maven-model-3.9.5.jar;C:\Users\abuza\.m2\repository\org\apache\maven\maven-model-builder\3.9.5\maven-model-builder-3.9.5.jar;C:\Users\abuza\.m2\repository\org\codehaus\plexus\plexus-interpolation\1.26\plexus-interpolation-1.26.jar;C:\Users\abuza\.m2\repository\org\apache\maven\maven-artifact\3.9.5\maven-artifact-3.9.5.jar;C:\Users\abuza\.m2\repository\org\apache\maven\maven-builder-support\3.9.5\maven-builder-support-3.9.5.jar;C:\Users\abuza\.m2\repository\org\apache\maven\maven-repository-metadata\3.9.5\maven-repository-metadata-3.9.5.jar;C:\Users\abuza\.m2\repository\org\apache\maven\resolver\maven-resolver-transport-http\1.9.16\maven-resolver-transport-http-1.9.16.jar;C:\Users\abuza\.m2\repository\org\apache\httpcomponents\httpclient\4.5.14\httpclient-4.5.14.jar;C:\Users\abuza\.m2\repository\org\apache\httpcomponents\httpcore\4.4.16\httpcore-4.4.16.jar;C:\Users\abuza\.m2\repository\commons-codec\commons-codec\1.16.0\commons-codec-1.16.0.jar;C:\Users\abuza\.m2\repository\org\apache\maven\resolver\maven-resolver-api\1.9.18\maven-resolver-api-1.9.18.jar;C:\Users\abuza\.m2\repository\org\sonatype\sisu\sisu-inject-plexus\2.6.0\sisu-inject-plexus-2.6.0.jar;C:\Users\abuza\.m2\repository\org\codehaus\plexus\plexus-component-annotations\1.5.5\plexus-component-annotations-1.5.5.jar;C:\Users\abuza\.m2\repository\org\codehaus\plexus\plexus-classworlds\2.5.2\plexus-classworlds-2.5.2.jar;C:\Users\abuza\.m2\repository\org\codehaus\plexus\plexus-utils\3.0.18\plexus-utils-3.0.18.jar;C:\Users\abuza\.m2\repository\org\sonatype\sisu\sisu-inject-bean\2.6.0\sisu-inject-bean-2.6.0.jar;C:\Users\abuza\.m2\repository\javax\enterprise\cdi-api\1.0\cdi-api-1.0.jar;C:\Users\abuza\.m2\repository\javax\annotation\jsr250-api\1.0\jsr250-api-1.0.jar;C:\Users\abuza\.m2\repository\org\sonatype\sisu\sisu-guice\3.2.5\sisu-guice-3.2.5-no_aop.jar;C:\Users\abuza\.m2\repository\com\google\guava\guava\16.0.1\guava-16.0.1.jar;C:\Users\abuza\.m2\repository\org\eclipse\sisu\org.eclipse.sisu.inject\0.3.0\org.eclipse.sisu.inject-0.3.0.jar;C:\Users\abuza\.m2\repository\org\eclipse\sisu\org.eclipse.sisu.plexus\0.3.0\org.eclipse.sisu.plexus-0.3.0.jar;C:\Users\abuza\.m2\repository\org\springframework\restdocs\spring-restdocs-mockmvc\3.0.1\spring-restdocs-mockmvc-3.0.1.jar;C:\Users\abuza\.m2\repository\org\springframework\restdocs\spring-restdocs-core\3.0.1\spring-restdocs-core-3.0.1.jar;C:\Users\abuza\.m2\repository\jakarta\servlet\jakarta.servlet-api\6.0.0\jakarta.servlet-api-6.0.0.jar;C:\Users\abuza\.m2\repository\org\testcontainers\junit-jupiter\1.19.3\junit-jupiter-1.19.3.jar;"/>
    <property name="java.vm.vendor" value="Oracle Corporation"/>
    <property name="sun.arch.data.model" value="64"/>
    <property name="user.variant" value=""/>
    <property name="java.vendor.url" value="https://java.oracle.com/"/>
    <property name="user.timezone" value="Europe/Madrid"/>
    <property name="os.name" value="Windows 11"/>
    <property name="java.vm.specification.version" value="21"/>
    <property name="sun.java.launcher" value="SUN_STANDARD"/>
    <property name="user.country" value="US"/>
    <property name="sun.boot.library.path" value="C:\Users\abuza\.jdks\openjdk-21.0.2\bin"/>
    <property name="sun.java.command" value="C:\Users\abuza\AppData\Local\Temp\surefire9985645842698226301\surefirebooter-20240212181945355_3.jar C:\Users\abuza\AppData\Local\Temp\surefire9985645842698226301 2024-02-12T18-19-39_423-jvmRun1 surefire-20240212181945355_1tmp surefire_0-20240212181945355_2tmp"/>
    <property name="jdk.debug" value="release"/>
    <property name="surefire.test.class.path" value="C:\Users\abuza\IdeaProjects\HarbourEats\target\test-classes;C:\Users\abuza\IdeaProjects\HarbourEats\target\classes;C:\Users\abuza\.m2\repository\org\springframework\boot\spring-boot-starter-web\3.2.2\spring-boot-starter-web-3.2.2.jar;C:\Users\abuza\.m2\repository\org\springframework\boot\spring-boot-starter\3.2.2\spring-boot-starter-3.2.2.jar;C:\Users\abuza\.m2\repository\org\springframework\boot\spring-boot-starter-logging\3.2.2\spring-boot-starter-logging-3.2.2.jar;C:\Users\abuza\.m2\repository\ch\qos\logback\logback-classic\1.4.14\logback-classic-1.4.14.jar;C:\Users\abuza\.m2\repository\ch\qos\logback\logback-core\1.4.14\logback-core-1.4.14.jar;C:\Users\abuza\.m2\repository\org\apache\logging\log4j\log4j-to-slf4j\2.21.1\log4j-to-slf4j-2.21.1.jar;C:\Users\abuza\.m2\repository\org\apache\logging\log4j\log4j-api\2.21.1\log4j-api-2.21.1.jar;C:\Users\abuza\.m2\repository\org\slf4j\jul-to-slf4j\2.0.11\jul-to-slf4j-2.0.11.jar;C:\Users\abuza\.m2\repository\jakarta\annotation\jakarta.annotation-api\2.1.1\jakarta.annotation-api-2.1.1.jar;C:\Users\abuza\.m2\repository\org\yaml\snakeyaml\2.2\snakeyaml-2.2.jar;C:\Users\abuza\.m2\repository\org\springframework\boot\spring-boot-starter-json\3.2.2\spring-boot-starter-json-3.2.2.jar;C:\Users\abuza\.m2\repository\com\fasterxml\jackson\datatype\jackson-datatype-jdk8\2.15.3\jackson-datatype-jdk8-2.15.3.jar;C:\Users\abuza\.m2\repository\com\fasterxml\jackson\datatype\jackson-datatype-jsr310\2.15.3\jackson-datatype-jsr310-2.15.3.jar;C:\Users\abuza\.m2\repository\org\springframework\boot\spring-boot-starter-tomcat\3.2.2\spring-boot-starter-tomcat-3.2.2.jar;C:\Users\abuza\.m2\repository\org\apache\tomcat\embed\tomcat-embed-core\10.1.18\tomcat-embed-core-10.1.18.jar;C:\Users\abuza\.m2\repository\org\apache\tomcat\embed\tomcat-embed-el\10.1.18\tomcat-embed-el-10.1.18.jar;C:\Users\abuza\.m2\repository\org\apache\tomcat\embed\tomcat-embed-websocket\10.1.18\tomcat-embed-websocket-10.1.18.jar;C:\Users\abuza\.m2\repository\org\springframework\spring-web\6.1.3\spring-web-6.1.3.jar;C:\Users\abuza\.m2\repository\org\springframework\spring-beans\6.1.3\spring-beans-6.1.3.jar;C:\Users\abuza\.m2\repository\io\micrometer\micrometer-observation\1.12.2\micrometer-observation-1.12.2.jar;C:\Users\abuza\.m2\repository\io\micrometer\micrometer-commons\1.12.2\micrometer-commons-1.12.2.jar;C:\Users\abuza\.m2\repository\org\springframework\spring-webmvc\6.1.3\spring-webmvc-6.1.3.jar;C:\Users\abuza\.m2\repository\org\springframework\spring-aop\6.1.3\spring-aop-6.1.3.jar;C:\Users\abuza\.m2\repository\org\springframework\spring-context\6.1.3\spring-context-6.1.3.jar;C:\Users\abuza\.m2\repository\org\springframework\spring-expression\6.1.3\spring-expression-6.1.3.jar;C:\Users\abuza\.m2\repository\org\springframework\boot\spring-boot-starter-web-services\3.2.2\spring-boot-starter-web-services-3.2.2.jar;C:\Users\abuza\.m2\repository\com\sun\xml\messaging\saaj\saaj-impl\3.0.3\saaj-impl-3.0.3.jar;C:\Users\abuza\.m2\repository\jakarta\xml\soap\jakarta.xml.soap-api\3.0.1\jakarta.xml.soap-api-3.0.1.jar;C:\Users\abuza\.m2\repository\org\jvnet\staxex\stax-ex\2.1.0\stax-ex-2.1.0.jar;C:\Users\abuza\.m2\repository\jakarta\activation\jakarta.activation-api\2.1.2\jakarta.activation-api-2.1.2.jar;C:\Users\abuza\.m2\repository\org\eclipse\angus\angus-activation\2.0.1\angus-activation-2.0.1.jar;C:\Users\abuza\.m2\repository\jakarta\xml\ws\jakarta.xml.ws-api\4.0.1\jakarta.xml.ws-api-4.0.1.jar;C:\Users\abuza\.m2\repository\org\springframework\spring-oxm\6.1.3\spring-oxm-6.1.3.jar;C:\Users\abuza\.m2\repository\org\springframework\ws\spring-ws-core\4.0.10\spring-ws-core-4.0.10.jar;C:\Users\abuza\.m2\repository\org\springframework\ws\spring-xml\4.0.10\spring-xml-4.0.10.jar;C:\Users\abuza\.m2\repository\org\glassfish\jaxb\jaxb-runtime\4.0.4\jaxb-runtime-4.0.4.jar;C:\Users\abuza\.m2\repository\org\glassfish\jaxb\jaxb-core\4.0.4\jaxb-core-4.0.4.jar;C:\Users\abuza\.m2\repository\org\glassfish\jaxb\txw2\4.0.4\txw2-4.0.4.jar;C:\Users\abuza\.m2\repository\com\sun\istack\istack-commons-runtime\4.1.2\istack-commons-runtime-4.1.2.jar;C:\Users\abuza\.m2\repository\org\springframework\boot\spring-boot-devtools\3.2.2\spring-boot-devtools-3.2.2.jar;C:\Users\abuza\.m2\repository\org\springframework\boot\spring-boot\3.2.2\spring-boot-3.2.2.jar;C:\Users\abuza\.m2\repository\org\springframework\boot\spring-boot-autoconfigure\3.2.2\spring-boot-autoconfigure-3.2.2.jar;C:\Users\abuza\.m2\repository\org\springframework\boot\spring-boot-docker-compose\3.2.2\spring-boot-docker-compose-3.2.2.jar;C:\Users\abuza\.m2\repository\com\fasterxml\jackson\core\jackson-databind\2.15.3\jackson-databind-2.15.3.jar;C:\Users\abuza\.m2\repository\com\fasterxml\jackson\core\jackson-annotations\2.15.3\jackson-annotations-2.15.3.jar;C:\Users\abuza\.m2\repository\com\fasterxml\jackson\core\jackson-core\2.15.3\jackson-core-2.15.3.jar;C:\Users\abuza\.m2\repository\com\fasterxml\jackson\module\jackson-module-parameter-names\2.15.3\jackson-module-parameter-names-2.15.3.jar;C:\Users\abuza\.m2\repository\org\springframework\boot\spring-boot-configuration-processor\3.2.2\spring-boot-configuration-processor-3.2.2.jar;C:\Users\abuza\.m2\repository\org\projectlombok\lombok\1.18.30\lombok-1.18.30.jar;C:\Users\abuza\.m2\repository\org\springframework\boot\spring-boot-starter-test\3.2.2\spring-boot-starter-test-3.2.2.jar;C:\Users\abuza\.m2\repository\org\springframework\boot\spring-boot-test\3.2.2\spring-boot-test-3.2.2.jar;C:\Users\abuza\.m2\repository\org\springframework\boot\spring-boot-test-autoconfigure\3.2.2\spring-boot-test-autoconfigure-3.2.2.jar;C:\Users\abuza\.m2\repository\com\jayway\jsonpath\json-path\2.8.0\json-path-2.8.0.jar;C:\Users\abuza\.m2\repository\org\slf4j\slf4j-api\2.0.11\slf4j-api-2.0.11.jar;C:\Users\abuza\.m2\repository\jakarta\xml\bind\jakarta.xml.bind-api\4.0.1\jakarta.xml.bind-api-4.0.1.jar;C:\Users\abuza\.m2\repository\net\minidev\json-smart\2.5.0\json-smart-2.5.0.jar;C:\Users\abuza\.m2\repository\net\minidev\accessors-smart\2.5.0\accessors-smart-2.5.0.jar;C:\Users\abuza\.m2\repository\org\ow2\asm\asm\9.3\asm-9.3.jar;C:\Users\abuza\.m2\repository\org\assertj\assertj-core\3.24.2\assertj-core-3.24.2.jar;C:\Users\abuza\.m2\repository\net\bytebuddy\byte-buddy\1.14.11\byte-buddy-1.14.11.jar;C:\Users\abuza\.m2\repository\org\awaitility\awaitility\4.2.0\awaitility-4.2.0.jar;C:\Users\abuza\.m2\repository\org\hamcrest\hamcrest\2.2\hamcrest-2.2.jar;C:\Users\abuza\.m2\repository\org\junit\jupiter\junit-jupiter\5.10.1\junit-jupiter-5.10.1.jar;C:\Users\abuza\.m2\repository\org\junit\jupiter\junit-jupiter-api\5.10.1\junit-jupiter-api-5.10.1.jar;C:\Users\abuza\.m2\repository\org\opentest4j\opentest4j\1.3.0\opentest4j-1.3.0.jar;C:\Users\abuza\.m2\repository\org\junit\platform\junit-platform-commons\1.10.1\junit-platform-commons-1.10.1.jar;C:\Users\abuza\.m2\repository\org\apiguardian\apiguardian-api\1.1.2\apiguardian-api-1.1.2.jar;C:\Users\abuza\.m2\repository\org\junit\jupiter\junit-jupiter-params\5.10.1\junit-jupiter-params-5.10.1.jar;C:\Users\abuza\.m2\repository\org\junit\jupiter\junit-jupiter-engine\5.10.1\junit-jupiter-engine-5.10.1.jar;C:\Users\abuza\.m2\repository\org\junit\platform\junit-platform-engine\1.10.1\junit-platform-engine-1.10.1.jar;C:\Users\abuza\.m2\repository\org\mockito\mockito-core\5.7.0\mockito-core-5.7.0.jar;C:\Users\abuza\.m2\repository\net\bytebuddy\byte-buddy-agent\1.14.11\byte-buddy-agent-1.14.11.jar;C:\Users\abuza\.m2\repository\org\objenesis\objenesis\3.3\objenesis-3.3.jar;C:\Users\abuza\.m2\repository\org\mockito\mockito-junit-jupiter\5.7.0\mockito-junit-jupiter-5.7.0.jar;C:\Users\abuza\.m2\repository\org\skyscreamer\jsonassert\1.5.1\jsonassert-1.5.1.jar;C:\Users\abuza\.m2\repository\com\vaadin\external\google\android-json\0.0.20131108.vaadin1\android-json-0.0.20131108.vaadin1.jar;C:\Users\abuza\.m2\repository\org\springframework\spring-core\6.1.3\spring-core-6.1.3.jar;C:\Users\abuza\.m2\repository\org\springframework\spring-jcl\6.1.3\spring-jcl-6.1.3.jar;C:\Users\abuza\.m2\repository\org\springframework\spring-test\6.1.3\spring-test-6.1.3.jar;C:\Users\abuza\.m2\repository\org\xmlunit\xmlunit-core\2.9.1\xmlunit-core-2.9.1.jar;C:\Users\abuza\.m2\repository\org\springframework\boot\spring-boot-testcontainers\3.2.2\spring-boot-testcontainers-3.2.2.jar;C:\Users\abuza\.m2\repository\org\testcontainers\testcontainers\1.19.3\testcontainers-1.19.3.jar;C:\Users\abuza\.m2\repository\junit\junit\4.13.2\junit-4.13.2.jar;C:\Users\abuza\.m2\repository\org\hamcrest\hamcrest-core\2.2\hamcrest-core-2.2.jar;C:\Users\abuza\.m2\repository\org\apache\commons\commons-compress\1.24.0\commons-compress-1.24.0.jar;C:\Users\abuza\.m2\repository\org\rnorth\duct-tape\duct-tape\1.0.8\duct-tape-1.0.8.jar;C:\Users\abuza\.m2\repository\org\jetbrains\annotations\17.0.0\annotations-17.0.0.jar;C:\Users\abuza\.m2\repository\com\github\docker-java\docker-java-api\3.3.4\docker-java-api-3.3.4.jar;C:\Users\abuza\.m2\repository\com\github\docker-java\docker-java-transport-zerodep\3.3.4\docker-java-transport-zerodep-3.3.4.jar;C:\Users\abuza\.m2\repository\com\github\docker-java\docker-java-transport\3.3.4\docker-java-transport-3.3.4.jar;C:\Users\abuza\.m2\repository\net\java\dev\jna\jna\5.13.0\jna-5.13.0.jar;C:\Users\abuza\.m2\repository\org\springframework\cloud\spring-cloud-starter-contract-stub-runner\4.1.0\spring-cloud-starter-contract-stub-runner-4.1.0.jar;C:\Users\abuza\.m2\repository\org\springframework\cloud\spring-cloud-contract-stub-runner\4.1.0\spring-cloud-contract-stub-runner-4.1.0.jar;C:\Users\abuza\.m2\repository\org\springframework\cloud\spring-cloud-contract-verifier\4.1.0\spring-cloud-contract-verifier-4.1.0.jar;C:\Users\abuza\.m2\repository\org\apache\commons\commons-text\1.11.0\commons-text-1.11.0.jar;C:\Users\abuza\.m2\repository\org\apache\commons\commons-lang3\3.13.0\commons-lang3-3.13.0.jar;C:\Users\abuza\.m2\repository\javax\inject\javax.inject\1\javax.inject-1.jar;C:\Users\abuza\.m2\repository\com\toomuchcoding\jsonassert\jsonassert\0.7.0\jsonassert-0.7.0.jar;C:\Users\abuza\.m2\repository\com\rackspace\eclipse\webtools\sourceediting\org.eclipse.wst.xml.xpath2.processor\2.1.100\org.eclipse.wst.xml.xpath2.processor-2.1.100.jar;C:\Users\abuza\.m2\repository\edu\princeton\cup\java-cup\10k\java-cup-10k.jar;C:\Users\abuza\.m2\repository\com\ibm\icu\icu4j\4.6\icu4j-4.6.jar;C:\Users\abuza\.m2\repository\org\apache\groovy\groovy\4.0.17\groovy-4.0.17.jar;C:\Users\abuza\.m2\repository\org\apache\groovy\groovy-nio\4.0.17\groovy-nio-4.0.17.jar;C:\Users\abuza\.m2\repository\org\apache\groovy\groovy-json\4.0.17\groovy-json-4.0.17.jar;C:\Users\abuza\.m2\repository\org\apache\groovy\groovy-xml\4.0.17\groovy-xml-4.0.17.jar;C:\Users\abuza\.m2\repository\com\github\jknack\handlebars\4.3.1\handlebars-4.3.1.jar;C:\Users\abuza\.m2\repository\commons-beanutils\commons-beanutils\1.9.4\commons-beanutils-1.9.4.jar;C:\Users\abuza\.m2\repository\commons-logging\commons-logging\1.2\commons-logging-1.2.jar;C:\Users\abuza\.m2\repository\commons-collections\commons-collections\3.2.2\commons-collections-3.2.2.jar;C:\Users\abuza\.m2\repository\com\fasterxml\jackson\dataformat\jackson-dataformat-yaml\2.15.3\jackson-dataformat-yaml-2.15.3.jar;C:\Users\abuza\.m2\repository\net\javacrumbs\json-unit\json-unit-assertj\2.38.0\json-unit-assertj-2.38.0.jar;C:\Users\abuza\.m2\repository\net\javacrumbs\json-unit\json-unit-core\2.38.0\json-unit-core-2.38.0.jar;C:\Users\abuza\.m2\repository\net\javacrumbs\json-unit\json-unit-json-path\2.38.0\json-unit-json-path-2.38.0.jar;C:\Users\abuza\.m2\repository\org\springframework\cloud\spring-cloud-contract-shade\4.1.0\spring-cloud-contract-shade-4.1.0.jar;C:\Users\abuza\.m2\repository\org\springframework\cloud\spring-cloud-contract-converters\4.1.0\spring-cloud-contract-converters-4.1.0.jar;C:\Users\abuza\.m2\repository\org\springframework\cloud\spring-cloud-contract-spec\4.1.0\spring-cloud-contract-spec-4.1.0.jar;C:\Users\abuza\.m2\repository\org\springframework\cloud\spring-cloud-contract-spec-java\4.1.0\spring-cloud-contract-spec-java-4.1.0.jar;C:\Users\abuza\.m2\repository\dk\brics\automaton\1.12-4\automaton-1.12-4.jar;C:\Users\abuza\.m2\repository\org\springframework\cloud\spring-cloud-contract-spec-groovy\4.1.0\spring-cloud-contract-spec-groovy-4.1.0.jar;C:\Users\abuza\.m2\repository\org\eclipse\jgit\org.eclipse.jgit\6.6.1.202309021850-r\org.eclipse.jgit-6.6.1.202309021850-r.jar;C:\Users\abuza\.m2\repository\com\googlecode\javaewah\JavaEWAH\1.2.3\JavaEWAH-1.2.3.jar;C:\Users\abuza\.m2\repository\org\eclipse\jgit\org.eclipse.jgit.ssh.jsch\6.7.0.202309050840-r\org.eclipse.jgit.ssh.jsch-6.7.0.202309050840-r.jar;C:\Users\abuza\.m2\repository\com\jcraft\jsch\0.1.55\jsch-0.1.55.jar;C:\Users\abuza\.m2\repository\com\jcraft\jzlib\1.1.3\jzlib-1.1.3.jar;C:\Users\abuza\.m2\repository\com\jcraft\jsch.agentproxy.sshagent\0.0.9\jsch.agentproxy.sshagent-0.0.9.jar;C:\Users\abuza\.m2\repository\com\jcraft\jsch.agentproxy.core\0.0.9\jsch.agentproxy.core-0.0.9.jar;C:\Users\abuza\.m2\repository\com\jcraft\jsch.agentproxy.jsch\0.0.9\jsch.agentproxy.jsch-0.0.9.jar;C:\Users\abuza\.m2\repository\com\jcraft\jsch.agentproxy.usocket-jna\0.0.9\jsch.agentproxy.usocket-jna-0.0.9.jar;C:\Users\abuza\.m2\repository\net\java\dev\jna\jna-platform\4.1.0\jna-platform-4.1.0.jar;C:\Users\abuza\.m2\repository\org\springframework\cloud\spring-cloud-contract-wiremock\4.1.0\spring-cloud-contract-wiremock-4.1.0.jar;C:\Users\abuza\.m2\repository\com\github\tomakehurst\wiremock-jre8-standalone\2.35.1\wiremock-jre8-standalone-2.35.1.jar;C:\Users\abuza\.m2\repository\org\apache\httpcomponents\client5\httpclient5\5.2.3\httpclient5-5.2.3.jar;C:\Users\abuza\.m2\repository\org\apache\httpcomponents\core5\httpcore5\5.2.4\httpcore5-5.2.4.jar;C:\Users\abuza\.m2\repository\org\apache\httpcomponents\core5\httpcore5-h2\5.2.4\httpcore5-h2-5.2.4.jar;C:\Users\abuza\.m2\repository\org\springframework\cloud\spring-cloud-test-support\4.1.0\spring-cloud-test-support-4.1.0.jar;C:\Users\abuza\.m2\repository\org\apache\maven\resolver\maven-resolver-connector-basic\1.9.16\maven-resolver-connector-basic-1.9.16.jar;C:\Users\abuza\.m2\repository\org\apache\maven\resolver\maven-resolver-spi\1.9.16\maven-resolver-spi-1.9.16.jar;C:\Users\abuza\.m2\repository\org\apache\maven\resolver\maven-resolver-util\1.9.16\maven-resolver-util-1.9.16.jar;C:\Users\abuza\.m2\repository\org\apache\maven\resolver\maven-resolver-impl\1.9.16\maven-resolver-impl-1.9.16.jar;C:\Users\abuza\.m2\repository\org\apache\maven\resolver\maven-resolver-named-locks\1.9.16\maven-resolver-named-locks-1.9.16.jar;C:\Users\abuza\.m2\repository\org\apache\maven\maven-resolver-provider\3.9.5\maven-resolver-provider-3.9.5.jar;C:\Users\abuza\.m2\repository\org\apache\maven\maven-model\3.9.5\maven-model-3.9.5.jar;C:\Users\abuza\.m2\repository\org\apache\maven\maven-model-builder\3.9.5\maven-model-builder-3.9.5.jar;C:\Users\abuza\.m2\repository\org\codehaus\plexus\plexus-interpolation\1.26\plexus-interpolation-1.26.jar;C:\Users\abuza\.m2\repository\org\apache\maven\maven-artifact\3.9.5\maven-artifact-3.9.5.jar;C:\Users\abuza\.m2\repository\org\apache\maven\maven-builder-support\3.9.5\maven-builder-support-3.9.5.jar;C:\Users\abuza\.m2\repository\org\apache\maven\maven-repository-metadata\3.9.5\maven-repository-metadata-3.9.5.jar;C:\Users\abuza\.m2\repository\org\apache\maven\resolver\maven-resolver-transport-http\1.9.16\maven-resolver-transport-http-1.9.16.jar;C:\Users\abuza\.m2\repository\org\apache\httpcomponents\httpclient\4.5.14\httpclient-4.5.14.jar;C:\Users\abuza\.m2\repository\org\apache\httpcomponents\httpcore\4.4.16\httpcore-4.4.16.jar;C:\Users\abuza\.m2\repository\commons-codec\commons-codec\1.16.0\commons-codec-1.16.0.jar;C:\Users\abuza\.m2\repository\org\apache\maven\resolver\maven-resolver-api\1.9.18\maven-resolver-api-1.9.18.jar;C:\Users\abuza\.m2\repository\org\sonatype\sisu\sisu-inject-plexus\2.6.0\sisu-inject-plexus-2.6.0.jar;C:\Users\abuza\.m2\repository\org\codehaus\plexus\plexus-component-annotations\1.5.5\plexus-component-annotations-1.5.5.jar;C:\Users\abuza\.m2\repository\org\codehaus\plexus\plexus-classworlds\2.5.2\plexus-classworlds-2.5.2.jar;C:\Users\abuza\.m2\repository\org\codehaus\plexus\plexus-utils\3.0.18\plexus-utils-3.0.18.jar;C:\Users\abuza\.m2\repository\org\sonatype\sisu\sisu-inject-bean\2.6.0\sisu-inject-bean-2.6.0.jar;C:\Users\abuza\.m2\repository\javax\enterprise\cdi-api\1.0\cdi-api-1.0.jar;C:\Users\abuza\.m2\repository\javax\annotation\jsr250-api\1.0\jsr250-api-1.0.jar;C:\Users\abuza\.m2\repository\org\sonatype\sisu\sisu-guice\3.2.5\sisu-guice-3.2.5-no_aop.jar;C:\Users\abuza\.m2\repository\com\google\guava\guava\16.0.1\guava-16.0.1.jar;C:\Users\abuza\.m2\repository\org\eclipse\sisu\org.eclipse.sisu.inject\0.3.0\org.eclipse.sisu.inject-0.3.0.jar;C:\Users\abuza\.m2\repository\org\eclipse\sisu\org.eclipse.sisu.plexus\0.3.0\org.eclipse.sisu.plexus-0.3.0.jar;C:\Users\abuza\.m2\repository\org\springframework\restdocs\spring-restdocs-mockmvc\3.0.1\spring-restdocs-mockmvc-3.0.1.jar;C:\Users\abuza\.m2\repository\org\springframework\restdocs\spring-restdocs-core\3.0.1\spring-restdocs-core-3.0.1.jar;C:\Users\abuza\.m2\repository\jakarta\servlet\jakarta.servlet-api\6.0.0\jakarta.servlet-api-6.0.0.jar;C:\Users\abuza\.m2\repository\org\testcontainers\junit-jupiter\1.19.3\junit-jupiter-1.19.3.jar;"/>
    <property name="sun.cpu.endian" value="little"/>
    <property name="user.home" value="C:\Users\abuza"/>
    <property name="user.language" value="en"/>
    <property name="java.specification.vendor" value="Oracle Corporation"/>
    <property name="java.version.date" value="2024-01-16"/>
    <property name="java.home" value="C:\Users\abuza\.jdks\openjdk-21.0.2"/>
    <property name="file.separator" value="\"/>
    <property name="basedir" value="C:\Users\abuza\IdeaProjects\HarbourEats"/>
    <property name="java.vm.compressedOopsMode" value="Zero based"/>
    <property name="line.separator" value="&#10;"/>
    <property name="java.vm.specification.vendor" value="Oracle Corporation"/>
    <property name="java.specification.name" value="Java Platform API Specification"/>
    <property name="FILE_LOG_CHARSET" value="UTF-8"/>
    <property name="java.awt.headless" value="true"/>
    <property name="surefire.real.class.path" value="C:\Users\abuza\AppData\Local\Temp\surefire9985645842698226301\surefirebooter-20240212181945355_3.jar"/>
    <property name="user.script" value=""/>
    <property name="sun.management.compiler" value="HotSpot 64-Bit Tiered Compilers"/>
    <property name="java.runtime.version" value="21.0.2+13-58"/>
    <property name="user.name" value="abuzar"/>
    <property name="stdout.encoding" value="Cp1252"/>
    <property name="path.separator" value=";"/>
    <property name="os.version" value="10.0"/>
    <property name="java.runtime.name" value="OpenJDK Runtime Environment"/>
    <property name="file.encoding" value="UTF-8"/>
    <property name="java.vm.name" value="OpenJDK 64-Bit Server VM"/>
    <property name="localRepository" value="C:\Users\abuza\.m2\repository"/>
    <property name="java.vendor.url.bug" value="https://bugreport.java.com/bugreport/"/>
    <property name="java.io.tmpdir" value="C:\Users\abuza\AppData\Local\Temp\"/>
    <property name="java.version" value="21.0.2"/>
    <property name="user.dir" value="C:\Users\abuza\IdeaProjects\HarbourEats"/>
    <property name="os.arch" value="amd64"/>
    <property name="java.vm.specification.name" value="Java Virtual Machine Specification"/>
    <property name="PID" value="6960"/>
    <property name="sun.os.patch.level" value=""/>
    <property name="CONSOLE_LOG_CHARSET" value="UTF-8"/>
    <property name="native.encoding" value="Cp1252"/>
    <property name="java.library.path" value="C:\Users\abuza\.jdks\openjdk-21.0.2\bin;C:\WINDOWS\Sun\Java\bin;C:\WINDOWS\system32;C:\WINDOWS;C:\WINDOWS\system32;C:\WINDOWS;C:\WINDOWS\System32\Wbem;C:\WINDOWS\System32\WindowsPowerShell\v1.0\;C:\WINDOWS\System32\OpenSSH\;C:\Program Files\Microsoft SQL Server\150\Tools\Binn\;C:\Program Files\Microsoft SQL Server\Client SDK\ODBC\170\Tools\Binn\;C:\Program Files\dotnet\;C:\Program Files\Git\cmd;C:\Program Files (x86)\Microsoft SQL Server\160\Tools\Binn\;C:\Program Files\Microsoft SQL Server\160\Tools\Binn\;C:\Program Files\Microsoft SQL Server\160\DTS\Binn\;C:\Program Files (x86)\Microsoft SQL Server\160\DTS\Binn\;C:\Program Files\Azure Data Studio\bin;C:\Program Files\Docker\Docker\resources\bin;C:\Users\abuza\Downloads\apache-maven-3.9.6-bin\apache-maven-3.9.6\bin;C:\Users\abuza\.jdks\openjdk-21.0.2;C:\Users\abuza\AppData\Local\Microsoft\WindowsApps;C:\Users\abuza\AppData\Local\Programs\Microsoft VS Code\bin;C:\Users\abuza\.dotnet\tools;C:\Users\abuza\AppData\Local\GitHubDesktop\bin;C:\Program Files\Azure Data Studio\bin;."/>
    <property name="java.vm.info" value="mixed mode, sharing"/>
    <property name="stderr.encoding" value="Cp1252"/>
    <property name="java.vendor" value="Oracle Corporation"/>
    <property name="java.vm.version" value="21.0.2+13-58"/>
    <property name="sun.io.unicode.encoding" value="UnicodeLittle"/>
    <property name="java.class.version" value="65.0"/>
  </properties>
  <testcase name="contextLoads" classname="com.example.harboureats.HarbourEatsApplicationTests" time="1.472">
    <system-out><![CDATA[18:19:47.262 [main] INFO org.springframework.test.context.support.AnnotationConfigContextLoaderUtils -- Could not detect default configuration classes for test class [com.example.harboureats.HarbourEatsApplicationTests]: HarbourEatsApplicationTests does not declare any static, non-private, non-final, nested classes annotated with @Configuration.
18:19:47.477 [main] INFO org.springframework.boot.test.context.SpringBootTestContextBootstrapper -- Found @SpringBootConfiguration com.example.harboureats.HarbourEatsApplication for test class com.example.harboureats.HarbourEatsApplicationTests
18:19:47.803 [main] INFO org.springframework.boot.devtools.restart.RestartApplicationListener -- Restart disabled due to context in which it is running

  .   ____          _            __ _ _
 /\\ / ___'_ __ _ _(_)_ __  __ _ \ \ \ \
( ( )\___ | '_ | '_| | '_ \/ _` | \ \ \ \
 \\/  ___)| |_)| | | | | || (_| |  ) ) ) )
  '  |____| .__|_| |_|_| |_\__, | / / / /
 =========|_|==============|___/=/_/_/_/
 :: Spring Boot ::                (v3.2.2)

2024-02-12T18:19:48.179+01:00  INFO 6960 --- [           main] c.e.h.HarbourEatsApplicationTests        : Starting HarbourEatsApplicationTests using Java 21.0.2 with PID 6960 (started by abuzar in C:\Users\abuza\IdeaProjects\HarbourEats)
2024-02-12T18:19:48.180+01:00  INFO 6960 --- [           main] c.e.h.HarbourEatsApplicationTests        : No active profile set, falling back to 1 default profile: "default"
2024-02-12T18:19:50.074+01:00  WARN 6960 --- [           main] trationDelegate$BeanPostProcessorChecker : Bean 'org.springframework.ws.config.annotation.DelegatingWsConfiguration' of type [org.springframework.ws.config.annotation.DelegatingWsConfiguration$$SpringCGLIB$$0] is not eligible for getting processed by all BeanPostProcessors (for example: not eligible for auto-proxying). The currently created BeanPostProcessor [annotationActionEndpointMapping] is declared through a non-static factory method on that class; consider declaring it as static instead.
2024-02-12T18:19:50.158+01:00  INFO 6960 --- [           main] .w.s.a.s.AnnotationActionEndpointMapping : Supporting [WS-Addressing August 2004, WS-Addressing 1.0]
2024-02-12T18:19:51.332+01:00  INFO 6960 --- [           main] c.e.h.HarbourEatsApplicationTests        : Started HarbourEatsApplicationTests in 3.563 seconds (process running for 5.666)
]]></system-out>
    <system-err><![CDATA[WARNING: A Java agent has been loaded dynamically (C:\Users\abuza\.m2\repository\net\bytebuddy\byte-buddy-agent\1.14.11\byte-buddy-agent-1.14.11.jar)
WARNING: If a serviceability tool is in use, please run with -XX:+EnableDynamicAgentLoading to hide this warning
WARNING: If a serviceability tool is not in use, please run with -Djdk.instrument.traceUsage for more information
WARNING: Dynamic loading of agents will be disallowed by default in a future release
]]></system-err>
  </testcase>
</testsuite>